<?xml version="1.0" encoding="UTF-8"?>
<testng-results skipped="0" failed="0" ignored="0" total="4" passed="4">
  <reporter-output>
  </reporter-output>
  <suite name="Default suite" duration-ms="27" started-at="2019-05-20T01:58:18Z" finished-at="2019-05-20T01:58:18Z">
    <groups>
    </groups>
    <test name="Default test" duration-ms="27" started-at="2019-05-20T01:58:18Z" finished-at="2019-05-20T01:58:18Z">
      <class name="webAutomationTraining.TestNG_test">
        <test-method status="PASS" signature="beforeSuite()[pri:0, instance:webAutomationTraining.TestNG_test@1753acfe]" name="beforeSuite" is-config="true" duration-ms="8" started-at="2019-05-20T01:58:18Z" finished-at="2019-05-20T01:58:18Z">
          <reporter-output>
          </reporter-output>
        </test-method> <!-- beforeSuite -->
        <test-method status="PASS" signature="beforeTest()[pri:0, instance:webAutomationTraining.TestNG_test@1753acfe]" name="beforeTest" is-config="true" duration-ms="1" started-at="2019-05-20T01:58:18Z" finished-at="2019-05-20T01:58:18Z">
          <reporter-output>
          </reporter-output>
        </test-method> <!-- beforeTest -->
        <test-method status="PASS" signature="beforeClass()[pri:0, instance:webAutomationTraining.TestNG_test@1753acfe]" name="beforeClass" is-config="true" duration-ms="1" started-at="2019-05-20T01:58:18Z" finished-at="2019-05-20T01:58:18Z">
          <reporter-output>
          </reporter-output>
        </test-method> <!-- beforeClass -->
        <test-method status="PASS" signature="beforeMethod()[pri:0, instance:webAutomationTraining.TestNG_test@1753acfe]" name="beforeMethod" is-config="true" duration-ms="0" started-at="2019-05-20T01:58:18Z" finished-at="2019-05-20T01:58:18Z">
          <reporter-output>
          </reporter-output>
        </test-method> <!-- beforeMethod -->
        <test-method status="PASS" signature="test3()[pri:0, instance:webAutomationTraining.TestNG_test@1753acfe]" name="test3" duration-ms="4" started-at="2019-05-20T01:58:18Z" finished-at="2019-05-20T01:58:18Z">
          <reporter-output>
          </reporter-output>
        </test-method> <!-- test3 -->
        <test-method status="PASS" signature="afterMethod()[pri:0, instance:webAutomationTraining.TestNG_test@1753acfe]" name="afterMethod" is-config="true" duration-ms="0" started-at="2019-05-20T01:58:18Z" finished-at="2019-05-20T01:58:18Z">
          <reporter-output>
          </reporter-output>
        </test-method> <!-- afterMethod -->
        <test-method status="PASS" signature="beforeMethod()[pri:0, instance:webAutomationTraining.TestNG_test@1753acfe]" name="beforeMethod" is-config="true" duration-ms="1" started-at="2019-05-20T01:58:18Z" finished-at="2019-05-20T01:58:18Z">
          <reporter-output>
          </reporter-output>
        </test-method> <!-- beforeMethod -->
        <test-method status="PASS" signature="test1()[pri:1, instance:webAutomationTraining.TestNG_test@1753acfe]" name="test1" duration-ms="0" started-at="2019-05-20T01:58:18Z" finished-at="2019-05-20T01:58:18Z">
          <reporter-output>
          </reporter-output>
        </test-method> <!-- test1 -->
        <test-method status="PASS" signature="afterMethod()[pri:0, instance:webAutomationTraining.TestNG_test@1753acfe]" name="afterMethod" is-config="true" duration-ms="0" started-at="2019-05-20T01:58:18Z" finished-at="2019-05-20T01:58:18Z">
          <reporter-output>
          </reporter-output>
        </test-method> <!-- afterMethod -->
        <test-method status="PASS" signature="test2()[pri:2, instance:webAutomationTraining.TestNG_test@1753acfe]" name="test2" duration-ms="1" started-at="2019-05-20T01:58:18Z" finished-at="2019-05-20T01:58:18Z">
          <reporter-output>
          </reporter-output>
        </test-method> <!-- test2 -->
        <test-method status="PASS" signature="beforeMethod()[pri:0, instance:webAutomationTraining.TestNG_test@1753acfe]" name="beforeMethod" is-config="true" duration-ms="0" started-at="2019-05-20T01:58:18Z" finished-at="2019-05-20T01:58:18Z">
          <reporter-output>
          </reporter-output>
        </test-method> <!-- beforeMethod -->
        <test-method status="PASS" signature="afterMethod()[pri:0, instance:webAutomationTraining.TestNG_test@1753acfe]" name="afterMethod" is-config="true" duration-ms="0" started-at="2019-05-20T01:58:18Z" finished-at="2019-05-20T01:58:18Z">
          <reporter-output>
          </reporter-output>
        </test-method> <!-- afterMethod -->
        <test-method status="PASS" signature="beforeMethod()[pri:0, instance:webAutomationTraining.TestNG_test@1753acfe]" name="beforeMethod" is-config="true" duration-ms="1" started-at="2019-05-20T01:58:18Z" finished-at="2019-05-20T01:58:18Z">
          <reporter-output>
          </reporter-output>
        </test-method> <!-- beforeMethod -->
        <test-method status="PASS" signature="f()[pri:3, instance:webAutomationTraining.TestNG_test@1753acfe]" name="f" duration-ms="1" started-at="2019-05-20T01:58:18Z" finished-at="2019-05-20T01:58:18Z">
          <reporter-output>
          </reporter-output>
        </test-method> <!-- f -->
        <test-method status="PASS" signature="afterMethod()[pri:0, instance:webAutomationTraining.TestNG_test@1753acfe]" name="afterMethod" is-config="true" duration-ms="0" started-at="2019-05-20T01:58:18Z" finished-at="2019-05-20T01:58:18Z">
          <reporter-output>
          </reporter-output>
        </test-method> <!-- afterMethod -->
        <test-method status="PASS" signature="afterTest()[pri:0, instance:webAutomationTraining.TestNG_test@1753acfe]" name="afterTest" is-config="true" duration-ms="0" started-at="2019-05-20T01:58:18Z" finished-at="2019-05-20T01:58:18Z">
          <reporter-output>
          </reporter-output>
        </test-method> <!-- afterTest -->
        <test-method status="PASS" signature="afterClass()[pri:0, instance:webAutomationTraining.TestNG_test@1753acfe]" name="afterClass" is-config="true" duration-ms="0" started-at="2019-05-20T01:58:18Z" finished-at="2019-05-20T01:58:18Z">
          <reporter-output>
          </reporter-output>
        </test-method> <!-- afterClass -->
        <test-method status="PASS" signature="afterSuite()[pri:0, instance:webAutomationTraining.TestNG_test@1753acfe]" name="afterSuite" is-config="true" duration-ms="0" started-at="2019-05-20T01:58:18Z" finished-at="2019-05-20T01:58:18Z">
          <reporter-output>
          </reporter-output>
        </test-method> <!-- afterSuite -->
      </class> <!-- webAutomationTraining.TestNG_test -->
    </test> <!-- Default test -->
  </suite> <!-- Default suite -->
</testng-results>
