<?xml version="1.0" encoding="UTF-8"?>
<!-- Generated by org.testng.reporters.JUnitXMLReporter -->
<testsuite hostname="DESKTOP-CL7DG84" ignored="0" name="Default test" tests="4" failures="0" timestamp="20 May 2019 01:58:18 GMT" time="0.027" errors="0">
  <testcase name="test3" time="0.004" classname="webAutomationTraining.TestNG_test"/>
  <testcase name="test1" time="0.0" classname="webAutomationTraining.TestNG_test"/>
  <testcase name="test2" time="0.001" classname="webAutomationTraining.TestNG_test"/>
  <testcase name="f" time="0.001" classname="webAutomationTraining.TestNG_test"/>
</testsuite> <!-- Default test -->
